2024-03-07 22:31:55,632 - root - INFO - Logging configured.
2024-03-07 22:31:55,645 - root - INFO - Application started. Type 'exit' to exit.
2024-03-07 22:32:13,286 - root - INFO - Application interrupted and exiting gracefully.
2024-03-07 22:32:13,288 - root - INFO - Application shutdown.
2024-03-07 22:39:11,846 - root - INFO - Logging configured.
2024-03-07 22:39:11,857 - root - INFO - Application started. Type 'exit' to exit.
2024-03-07 22:39:22,553 - root - INFO - Application shutdown.
2024-03-10 22:41:19,270 - root - INFO - Logging configured.
2024-03-10 22:41:19,283 - root - INFO - Application started. Type 'exit' to exit.
2024-03-10 22:41:19,283 - root - INFO - Application exit.
2024-03-10 22:41:19,283 - root - INFO - Application shutdown.
2024-03-10 22:41:19,283 - root - INFO - Environment variables loaded.
2024-03-10 22:41:19,299 - root - INFO - Logging configured.
2024-03-10 22:41:19,299 - root - INFO - Application started. Type 'exit' to exit.
2024-03-10 22:41:19,299 - root - INFO - Application exit.
2024-03-10 22:41:19,299 - root - INFO - Application shutdown.
2024-03-10 22:41:19,299 - root - INFO - Environment variables loaded.
2024-03-10 22:41:19,316 - root - INFO - Logging configured.
2024-03-10 22:41:19,316 - root - INFO - Application started. Type 'exit' to exit.
2024-03-10 22:41:19,316 - root - INFO - Application exit.
2024-03-10 22:41:19,316 - root - INFO - Application shutdown.
2024-03-10 22:41:19,383 - root - INFO - Environment variables loaded.
2024-03-10 22:41:19,399 - root - INFO - Logging configured.
2024-03-10 22:41:19,399 - root - INFO - Application started. Type 'exit' to exit.
2024-03-10 22:41:19,399 - root - INFO - Application exit.
2024-03-10 22:41:19,399 - root - INFO - Application shutdown.
2024-03-10 22:43:06,863 - root - INFO - Logging configured.
2024-03-10 22:43:06,885 - root - INFO - Application started. Type 'exit' to exit.
2024-03-10 22:43:06,885 - root - INFO - Application exit.
2024-03-10 22:43:06,885 - root - INFO - Application shutdown.
2024-03-10 22:43:06,895 - root - INFO - Environment variables loaded.
2024-03-10 22:43:06,903 - root - INFO - Logging configured.
2024-03-10 22:43:06,904 - root - INFO - Application started. Type 'exit' to exit.
2024-03-10 22:43:06,904 - root - INFO - Application exit.
2024-03-10 22:43:06,905 - root - INFO - Application shutdown.
2024-03-21 14:56:15,869 - root - INFO - Logging configured.
2024-03-21 14:56:15,984 - root - INFO - Application started. Type 'exit' to exit.
2024-03-21 14:56:21,977 - root - INFO - Application interrupted and exiting gracefully.
2024-03-21 14:56:21,980 - root - INFO - Application shutdown.
2024-03-21 14:56:29,803 - root - INFO - Logging configured.
2024-03-21 14:56:29,960 - root - INFO - Application started. Type 'exit' to exit.
2024-03-21 14:56:57,053 - root - INFO - Application interrupted and exiting gracefully.
2024-03-21 14:56:57,055 - root - INFO - Application shutdown.
